2018-08-01 11:16:56log4j.Test3.main(Test3.java:38) Test3.java ERROR com.mysql.jdbc.exceptions.jdbc4.MySQLSyntaxErrorException: You have an error in your SQL syntax; check the manual that corresponds to your MySQL server version for the right syntax to use near '')' at line 1
2018-08-01 11:21:58log4j.Test3.main(Test3.java:38) Test3.java ERROR com.mysql.jdbc.exceptions.jdbc4.MySQLSyntaxErrorException: You have an error in your SQL syntax; check the manual that corresponds to your MySQL server version for the right syntax to use near '' at line 1
2018-08-01 11:22:35log4j.Test3.main(Test3.java:38) Test3.java ERROR com.mysql.jdbc.exceptions.jdbc4.MySQLSyntaxErrorException: You have an error in your SQL syntax; check the manual that corresponds to your MySQL server version for the right syntax to use near ''' at line 1
2018-08-01 14:57:50log4j.Test2.main(Test2.java:30) Test2.java ERROR java.sql.SQLException: Can not issue SELECT via executeUpdate() or executeLargeUpdate().
2018-08-01 14:58:20log4j.Test2.main(Test2.java:30) Test2.java ERROR java.sql.SQLException: Can not issue SELECT via executeUpdate() or executeLargeUpdate().
2018-08-07 10:04:27com.sys.test.TestMasterDao.main(TestMasterDao.java:18) TestMasterDao.java ERROR 有异常
2018-08-07 10:04:27com.sys.test.TestMasterDao.main(TestMasterDao.java:19) TestMasterDao.java DEBUG 测试代码
2018-08-07 10:04:27com.sys.test.TestMasterDao.main(TestMasterDao.java:20) TestMasterDao.java INFO 打开信息
2018-08-07 14:53:02com.sys.test.TestMasterDao.main(TestMasterDao.java:18) TestMasterDao.java ERROR 有异常
2018-08-07 14:53:02com.sys.test.TestMasterDao.main(TestMasterDao.java:19) TestMasterDao.java DEBUG 测试代码
2018-08-07 14:53:02com.sys.test.TestMasterDao.main(TestMasterDao.java:20) TestMasterDao.java INFO 打开信息
2018-08-07 15:10:36com.sys.test.TestMasterDao.main(TestMasterDao.java:18) TestMasterDao.java ERROR 有异常
2018-08-07 15:10:36com.sys.test.TestMasterDao.main(TestMasterDao.java:19) TestMasterDao.java DEBUG 测试代码
2018-08-07 15:10:36com.sys.test.TestMasterDao.main(TestMasterDao.java:20) TestMasterDao.java INFO 打开信息
2018-08-07 15:11:26com.sys.test.TestMasterDao.main(TestMasterDao.java:18) TestMasterDao.java ERROR 有异常
2018-08-07 15:11:26com.sys.test.TestMasterDao.main(TestMasterDao.java:19) TestMasterDao.java DEBUG 测试代码
2018-08-07 15:11:26com.sys.test.TestMasterDao.main(TestMasterDao.java:20) TestMasterDao.java INFO 打开信息
2018-08-07 15:27:23com.sys.test.TestMasterDao.main(TestMasterDao.java:18) TestMasterDao.java ERROR 有异常
2018-08-07 15:27:23com.sys.test.TestMasterDao.main(TestMasterDao.java:19) TestMasterDao.java DEBUG 测试代码
2018-08-07 15:27:23com.sys.test.TestMasterDao.main(TestMasterDao.java:20) TestMasterDao.java INFO 打开信息
2018-08-07 17:29:47com.sys.test.TestMasterDao.main(TestMasterDao.java:18) TestMasterDao.java ERROR 有异常
2018-08-07 17:29:47com.sys.test.TestMasterDao.main(TestMasterDao.java:19) TestMasterDao.java DEBUG 测试代码
2018-08-07 17:29:47com.sys.test.TestMasterDao.main(TestMasterDao.java:20) TestMasterDao.java INFO 打开信息
2018-08-07 17:31:15com.sys.test.TestMasterDao.main(TestMasterDao.java:18) TestMasterDao.java ERROR 有异常
2018-08-07 17:31:15com.sys.test.TestMasterDao.main(TestMasterDao.java:19) TestMasterDao.java DEBUG 测试代码
2018-08-07 17:31:15com.sys.test.TestMasterDao.main(TestMasterDao.java:20) TestMasterDao.java INFO 打开信息
2018-08-07 17:34:29com.sys.test.TestMasterDao.main(TestMasterDao.java:18) TestMasterDao.java ERROR 有异常
2018-08-07 17:34:29com.sys.test.TestMasterDao.main(TestMasterDao.java:19) TestMasterDao.java DEBUG 测试代码
2018-08-07 17:34:29com.sys.test.TestMasterDao.main(TestMasterDao.java:20) TestMasterDao.java INFO 打开信息
2018-08-08 08:40:34com.sys.test.TestMasterDao.main(TestMasterDao.java:18) TestMasterDao.java ERROR 有异常
2018-08-08 08:40:34com.sys.test.TestMasterDao.main(TestMasterDao.java:19) TestMasterDao.java DEBUG 测试代码
2018-08-08 08:40:34com.sys.test.TestMasterDao.main(TestMasterDao.java:20) TestMasterDao.java INFO 打开信息
2018-08-08 08:43:06com.sys.test.TestMasterDao.main(TestMasterDao.java:18) TestMasterDao.java ERROR 有异常
2018-08-08 08:43:06com.sys.test.TestMasterDao.main(TestMasterDao.java:19) TestMasterDao.java DEBUG 测试代码
2018-08-08 08:43:06com.sys.test.TestMasterDao.main(TestMasterDao.java:20) TestMasterDao.java INFO 打开信息
2018-08-09 19:55:11com.sys.test.TestMasterDao.main(TestMasterDao.java:18) TestMasterDao.java ERROR 有异常
2018-08-09 19:55:11com.sys.test.TestMasterDao.main(TestMasterDao.java:19) TestMasterDao.java DEBUG 测试代码
2018-08-09 19:55:11com.sys.test.TestMasterDao.main(TestMasterDao.java:20) TestMasterDao.java INFO 打开信息
2018-08-12 09:07:59com.sys.test.TestMasterDao.main(TestMasterDao.java:18) TestMasterDao.java ERROR 有异常
2018-08-12 09:07:59com.sys.test.TestMasterDao.main(TestMasterDao.java:19) TestMasterDao.java DEBUG 测试代码
2018-08-12 09:07:59com.sys.test.TestMasterDao.main(TestMasterDao.java:20) TestMasterDao.java INFO 打开信息
2018-08-12 09:08:44com.sys.test.TestMasterDao.main(TestMasterDao.java:18) TestMasterDao.java ERROR 有异常
2018-08-12 09:08:44com.sys.test.TestMasterDao.main(TestMasterDao.java:19) TestMasterDao.java DEBUG 测试代码
2018-08-12 09:08:44com.sys.test.TestMasterDao.main(TestMasterDao.java:20) TestMasterDao.java INFO 打开信息
2018-09-14 16:14:16com.sys.test.TestPetDao.main(TestPetDao.java:15) TestPetDao.java ERROR 添加失败！
